<?xml version="1.0" encoding="UTF-8"?>
<testsuite name="service.MessageProviderTest" tests="1" skipped="0" failures="0" errors="0" timestamp="2021-01-06T13:48:49" hostname="Sohyunui-MacBook-Pro.local" time="0.598">
  <properties/>
  <testcase name="send test()" classname="service.MessageProviderTest" time="0.598"/>
  <system-out><![CDATA[22:48:48.071 [Test worker] DEBUG io.mockk.impl.instantiation.AbstractMockFactory - Creating spyk for NotificationRepository name=#1
22:48:48.810 [Test worker] DEBUG io.mockk.impl.instantiation.AbstractMockFactory - Creating mockk for FirebaseMessaging name=#2
22:48:49.696 [Test worker] DEBUG io.mockk.impl.instantiation.JvmStaticMockFactory - Creating static mockk for FirebaseMessaging
22:48:49.698 [Test worker] DEBUG io.mockk.proxy.jvm.StaticProxyMaker - Transforming class com.google.firebase.messaging.FirebaseMessaging for static method interception
22:48:50.127 [Test worker] DEBUG io.mockk.impl.instantiation.AbstractMockFactory - Creating mockk for FirebaseMessaging name=child of static FirebaseMessaging#3
22:48:50.234 [Test worker] DEBUG io.mockk.impl.instantiation.AbstractMockFactory - Creating mockk for Notification name=child of #1#4
22:48:50.256 [Test worker] DEBUG io.mockk.impl.recording.states.AnsweringState - Answering FirebaseMessaging(#2) on class com.google.firebase.messaging.FirebaseMessaging.getInstance()
22:48:50.259 [Test worker] DEBUG io.mockk.impl.recording.states.AnsweringState - Answering asd-1111-1234 on FirebaseMessaging(#2).send(com.google.firebase.messaging.Message@6fe87c6e)
22:48:50.260 [Test worker] INFO service.MessageProvider - response from firebase = asd-1111-1234
22:48:50.260 [Test worker] DEBUG io.mockk.impl.recording.states.AnsweringState - Answering null on NotificationRepository(#1).save(Notification(id=null, message='test message', topic=Topic(id=null, topic='news', status=ACTIVE)))
]]></system-out>
  <system-err><![CDATA[]]></system-err>
</testsuite>
